<?xml version="1.0" encoding="UTF-8"?>
<TestRun id="b3deef67-ab16-48ac-a502-01e217ceed00" name="PHAMCHANH@PC 2017-05-03 22:03:00" runUser="PC\PHAMCHANH" xmlns="http://microsoft.com/schemas/VisualStudio/TeamTest/2010">
  <TestSettings name="Local" id="8b0b794f-5649-40aa-880c-d0e138cad75f">
    <Description>These are default test settings for a local test run.</Description>
    <Deployment enabled="false" runDeploymentRoot="PHAMCHANH_PC 2017-05-03 22_03_00">
      <DeploymentItem filename="C:\Users\PHAMCHANH\Documents\Visual Studio 2010\Projects\s3575984-Assignment02-HRRIS\s3575984-Assignment02-HRRIS\bin\Debug\s3575984-Assignment02-HRRIS.exe" />
    </Deployment>
    <Execution>
      <TestTypeSpecific />
      <AgentRule name="Execution Agents">
      </AgentRule>
    </Execution>
  </TestSettings>
  <Times creation="2017-05-03T22:03:00.8638859+07:00" queuing="2017-05-03T22:03:01.5209235+07:00" start="2017-05-03T22:03:01.5959278+07:00" finish="2017-05-03T22:03:24.0312110+07:00" />
  <ResultSummary outcome="Error">
    <Counters total="2" executed="1" error="0" failed="0" timeout="0" aborted="1" inconclusive="0" passedButRunAborted="0" notRunnable="0" notExecuted="1" disconnected="0" warning="0" passed="0" completed="0" inProgress="0" pending="0" />
    <RunInfos>
      <RunInfo computerName="PC" outcome="Error" timestamp="2017-05-03T22:03:24.0302110+07:00">
        <Text>Test host process exited unexpectedly.</Text>
      </RunInfo>
    </RunInfos>
  </ResultSummary>
  <TestDefinitions>
    <UnitTest name="TestIsEmail" storage="c:\users\phamchanh\documents\visual studio 2010\projects\s3575984-assignment02-hrris\unittest\bin\debug\unittest.dll" id="3e42f5ca-5ebd-3cac-b2ec-51194cd1fe83">
      <Execution id="267f7935-95bf-478c-addf-8f666b4aefe2" />
      <TestMethod codeBase="C:/Users/PHAMCHANH/Documents/Visual Studio 2010/Projects/s3575984-Assignment02-HRRIS/UnitTest/bin/Debug/UnitTest.DLL" adapterTypeName="Microsoft.VisualStudio.TestTools.TestTypes.Unit.UnitTestAdapter, Microsoft.VisualStudio.QualityTools.Tips.UnitTest.Adapter, Version=10.0.0.0, Culture=neutral, PublicKeyToken=b03f5f7f11d50a3a" className="UnitTest.TestValidation, UnitTest, Version=1.0.0.0, Culture=neutral, PublicKeyToken=null" name="TestIsEmail" />
    </UnitTest>
    <UnitTest name="TestIsAlpha" storage="c:\users\phamchanh\documents\visual studio 2010\projects\s3575984-assignment02-hrris\unittest\bin\debug\unittest.dll" id="2a9195fd-45bb-a783-76f8-bc95db5d7ba0">
      <Execution id="0dfef18f-c772-402d-9bde-852cc6186da4" />
      <TestMethod codeBase="C:/Users/PHAMCHANH/Documents/Visual Studio 2010/Projects/s3575984-Assignment02-HRRIS/UnitTest/bin/Debug/UnitTest.DLL" adapterTypeName="Microsoft.VisualStudio.TestTools.TestTypes.Unit.UnitTestAdapter, Microsoft.VisualStudio.QualityTools.Tips.UnitTest.Adapter, Version=10.0.0.0, Culture=neutral, PublicKeyToken=b03f5f7f11d50a3a" className="UnitTest.TestValidation, UnitTest, Version=1.0.0.0, Culture=neutral, PublicKeyToken=null" name="TestIsAlpha" />
    </UnitTest>
  </TestDefinitions>
  <TestLists>
    <TestList name="Results Not in a List" id="8c84fa94-04c1-424b-9868-57a2d4851a1d" />
    <TestList name="All Loaded Results" id="19431567-8539-422a-85d7-44ee4e166bda" />
  </TestLists>
  <TestEntries>
    <TestEntry testId="2a9195fd-45bb-a783-76f8-bc95db5d7ba0" executionId="0dfef18f-c772-402d-9bde-852cc6186da4" testListId="8c84fa94-04c1-424b-9868-57a2d4851a1d" />
    <TestEntry testId="3e42f5ca-5ebd-3cac-b2ec-51194cd1fe83" executionId="267f7935-95bf-478c-addf-8f666b4aefe2" testListId="8c84fa94-04c1-424b-9868-57a2d4851a1d" />
  </TestEntries>
  <Results>
    <UnitTestResult executionId="0dfef18f-c772-402d-9bde-852cc6186da4" testId="2a9195fd-45bb-a783-76f8-bc95db5d7ba0" testName="TestIsAlpha" computerName="PC" duration="00:00:22.4062815" startTime="2017-05-03T22:03:01.6249295+07:00" endTime="2017-05-03T22:03:24.0312110+07:00" testType="13cdc9d9-ddb5-4fa4-a97d-d965ccfc6d4b" outcome="Aborted" testListId="8c84fa94-04c1-424b-9868-57a2d4851a1d" relativeResultsDirectory="0dfef18f-c772-402d-9bde-852cc6186da4">
    </UnitTestResult>
    <UnitTestResult executionId="267f7935-95bf-478c-addf-8f666b4aefe2" testId="3e42f5ca-5ebd-3cac-b2ec-51194cd1fe83" testName="TestIsEmail" computerName="PC" testType="13cdc9d9-ddb5-4fa4-a97d-d965ccfc6d4b" outcome="NotExecuted" testListId="8c84fa94-04c1-424b-9868-57a2d4851a1d" relativeResultsDirectory="267f7935-95bf-478c-addf-8f666b4aefe2">
    </UnitTestResult>
  </Results>
</TestRun>