<?xml version="1.0" encoding="UTF-8"?>
<TestRun id="c19bb43a-329a-4819-a9e5-c98a73cb6739" name="PHAMCHANH@PC 2017-05-03 22:01:13" runUser="PC\PHAMCHANH" xmlns="http://microsoft.com/schemas/VisualStudio/TeamTest/2010">
  <TestSettings name="Local" id="8b0b794f-5649-40aa-880c-d0e138cad75f">
    <Description>These are default test settings for a local test run.</Description>
    <Deployment enabled="false" runDeploymentRoot="PHAMCHANH_PC 2017-05-03 22_01_13">
      <DeploymentItem filename="C:\Users\PHAMCHANH\Documents\Visual Studio 2010\Projects\s3575984-Assignment02-HRRIS\s3575984-Assignment02-HRRIS\bin\Debug\s3575984-Assignment02-HRRIS.exe" />
    </Deployment>
    <Execution>
      <TestTypeSpecific />
      <AgentRule name="Execution Agents">
      </AgentRule>
    </Execution>
  </TestSettings>
  <Times creation="2017-05-03T22:01:13.3907388+07:00" queuing="2017-05-03T22:01:14.6498108+07:00" start="2017-05-03T22:01:14.6988136+07:00" finish="2017-05-03T22:01:15.1008366+07:00" />
  <ResultSummary outcome="Completed">
    <Counters total="1" executed="1" passed="1" error="0" failed="0" timeout="0" aborted="0" inconclusive="0" passedButRunAborted="0" notRunnable="0" notExecuted="0" disconnected="0" warning="0" completed="0" inProgress="0" pending="0" />
  </ResultSummary>
  <TestDefinitions>
    <UnitTest name="TestIsEmail" storage="c:\users\phamchanh\documents\visual studio 2010\projects\s3575984-assignment02-hrris\unittest\bin\debug\unittest.dll" id="3e42f5ca-5ebd-3cac-b2ec-51194cd1fe83">
      <Execution id="3cd18808-6678-4a23-9713-909a65b3587d" />
      <TestMethod codeBase="C:/Users/PHAMCHANH/Documents/Visual Studio 2010/Projects/s3575984-Assignment02-HRRIS/UnitTest/bin/Debug/UnitTest.DLL" adapterTypeName="Microsoft.VisualStudio.TestTools.TestTypes.Unit.UnitTestAdapter, Microsoft.VisualStudio.QualityTools.Tips.UnitTest.Adapter, Version=10.0.0.0, Culture=neutral, PublicKeyToken=b03f5f7f11d50a3a" className="UnitTest.TestValidation, UnitTest, Version=1.0.0.0, Culture=neutral, PublicKeyToken=null" name="TestIsEmail" />
    </UnitTest>
  </TestDefinitions>
  <TestLists>
    <TestList name="Results Not in a List" id="8c84fa94-04c1-424b-9868-57a2d4851a1d" />
    <TestList name="All Loaded Results" id="19431567-8539-422a-85d7-44ee4e166bda" />
  </TestLists>
  <TestEntries>
    <TestEntry testId="3e42f5ca-5ebd-3cac-b2ec-51194cd1fe83" executionId="3cd18808-6678-4a23-9713-909a65b3587d" testListId="8c84fa94-04c1-424b-9868-57a2d4851a1d" />
  </TestEntries>
  <Results>
    <UnitTestResult executionId="3cd18808-6678-4a23-9713-909a65b3587d" testId="3e42f5ca-5ebd-3cac-b2ec-51194cd1fe83" testName="TestIsEmail" computerName="PC" duration="00:00:00.0159581" startTime="2017-05-03T22:01:14.7198148+07:00" endTime="2017-05-03T22:01:15.0418333+07:00" testType="13cdc9d9-ddb5-4fa4-a97d-d965ccfc6d4b" outcome="Passed" testListId="8c84fa94-04c1-424b-9868-57a2d4851a1d" relativeResultsDirectory="3cd18808-6678-4a23-9713-909a65b3587d">
      <Output>
        <DebugTrace>Setting up ...
Cleaning up ...
</DebugTrace>
      </Output>
    </UnitTestResult>
  </Results>
</TestRun>